
> the-chatroom@0.1.0 dev
> npm run dev --workspaces --if-present


> @chatroom/analytics@1.0.0 dev
> tsc --watch

sh: 1: tsc: not found
npm error Lifecycle script `dev` failed with error:
npm error code 127
npm error path /workspaces/The-Chatroom/packages/analytics
npm error workspace @chatroom/analytics@1.0.0
npm error location /workspaces/The-Chatroom/packages/analytics
npm error command failed
npm error command sh -c tsc --watch


> @chatroom/api@0.1.0 dev
> nodemon src/server.js

sh: 1: nodemon: not found
npm error Lifecycle script `dev` failed with error:
npm error code 127
npm error path /workspaces/The-Chatroom/packages/api
npm error workspace @chatroom/api@0.1.0
npm error location /workspaces/The-Chatroom/packages/api
npm error command failed
npm error command sh -c nodemon src/server.js


> @chatroom/cli@1.0.0 dev
> tsc --watch

sh: 1: tsc: not found
npm error Lifecycle script `dev` failed with error:
npm error code 127
npm error path /workspaces/The-Chatroom/packages/cli
npm error workspace @chatroom/cli@1.0.0
npm error location /workspaces/The-Chatroom/packages/cli
npm error command failed
npm error command sh -c tsc --watch


> @chatroom/email@1.0.0 dev
> tsc --watch

sh: 1: tsc: not found
npm error Lifecycle script `dev` failed with error:
npm error code 127
npm error path /workspaces/The-Chatroom/packages/email
npm error workspace @chatroom/email@1.0.0
npm error location /workspaces/The-Chatroom/packages/email
npm error command failed
npm error command sh -c tsc --watch


> @chatroom/socket@0.1.0 dev
> nodemon src/socket-server.js

sh: 1: nodemon: not found
npm error Lifecycle script `dev` failed with error:
npm error code 127
npm error path /workspaces/The-Chatroom/packages/socket
npm error workspace @chatroom/socket@0.1.0
npm error location /workspaces/The-Chatroom/packages/socket
npm error command failed
npm error command sh -c nodemon src/socket-server.js


> @chatroom/web@0.1.0 dev
> next dev

  ▲ Next.js 14.2.35
  - Local:        http://localhost:3000

 ✓ Starting...
It looks like you're trying to use TypeScript but do not have the required package(s) installed.
Installing dependencies

If you are not trying to use TypeScript, please remove the tsconfig.json file from your package root (and any TypeScript files in your pages directory).


Installing devDependencies (yarn):
- typescript
- @types/react

yarn add v1.22.22
info No lockfile found.
warning package-lock.json found. Your project contains lock files generated by tools other than Yarn. It is advised not to mix package managers in order to avoid resolution inconsistencies caused by unsynchronized lock files. To clear this warning, remove package-lock.json.
(node:107776) [DEP0169] DeprecationWarning: `url.parse()` behavior is not standardized and prone to errors that have security implications. Use the WHATWG URL API instead. CVEs are not issued for `url.parse()` vulnerabilities.
(Use `node --trace-deprecation ...` to show where the warning was created)
[1/4] Resolving packages...
warning workspace-aggregator-7f555d23-b63a-4bb2-8717-f4e2aef6a53e > multer@1.4.5-lts.2: Multer 1.x is impacted by a number of vulnerabilities, which have been patched in 2.x. You should upgrade to the latest 2.x version.
warning workspace-aggregator-7f555d23-b63a-4bb2-8717-f4e2aef6a53e > @chatroom/cli > crypto@1.0.1: This package is no longer supported. It's now a built-in Node module. If you've depended on crypto, you should switch to the one that's built-in.
warning workspace-aggregator-7f555d23-b63a-4bb2-8717-f4e2aef6a53e > @chatroom/cli > @types/commander@2.12.5: This is a stub types definition. commander provides its own type definitions, so you do not need this installed.
warning workspace-aggregator-7f555d23-b63a-4bb2-8717-f4e2aef6a53e > @chatroom/mobile > @types/react-native@0.73.0: This is a stub types definition. react-native provides its own type definitions, so you do not need this installed.
warning workspace-aggregator-7f555d23-b63a-4bb2-8717-f4e2aef6a53e > twilio > scmp@2.1.0: Just use Node.js's crypto.timingSafeEqual()
warning workspace-aggregator-7f555d23-b63a-4bb2-8717-f4e2aef6a53e > @chatroom/mobile > @types/react-native > react-native > glob@7.2.3: Glob versions prior to v9 are no longer supported
warning workspace-aggregator-7f555d23-b63a-4bb2-8717-f4e2aef6a53e > @chatroom/mobile > expo > @expo/config > glob@7.1.6: Glob versions prior to v9 are no longer supported
warning workspace-aggregator-7f555d23-b63a-4bb2-8717-f4e2aef6a53e > @chatroom/mobile > expo > @expo/cli > glob@7.2.3: Glob versions prior to v9 are no longer supported
warning workspace-aggregator-7f555d23-b63a-4bb2-8717-f4e2aef6a53e > @chatroom/mobile > expo > @expo/config-plugins > glob@7.1.6: Glob versions prior to v9 are no longer supported
warning workspace-aggregator-7f555d23-b63a-4bb2-8717-f4e2aef6a53e > @chatroom/mobile > expo > @expo/metro-config > glob@7.2.3: Glob versions prior to v9 are no longer supported
warning workspace-aggregator-7f555d23-b63a-4bb2-8717-f4e2aef6a53e > @chatroom/mobile > react-native > @react-native/codegen > glob@7.2.3: Glob versions prior to v9 are no longer supported
warning workspace-aggregator-7f555d23-b63a-4bb2-8717-f4e2aef6a53e > @chatroom/mobile > @types/react-native > react-native > @react-native/codegen > glob@7.2.3: Glob versions prior to v9 are no longer supported
warning workspace-aggregator-7f555d23-b63a-4bb2-8717-f4e2aef6a53e > @chatroom/mobile > react-native > @react-native-community/cli-platform-ios > glob@7.2.3: Glob versions prior to v9 are no longer supported
warning workspace-aggregator-7f555d23-b63a-4bb2-8717-f4e2aef6a53e > @chatroom/mobile > react-native > @react-native-community/cli-platform-android > glob@7.2.3: Glob versions prior to v9 are no longer supported
warning workspace-aggregator-7f555d23-b63a-4bb2-8717-f4e2aef6a53e > @chatroom/mobile > expo > @expo/config > sucrase > glob@7.1.6: Glob versions prior to v9 are no longer supported
warning workspace-aggregator-7f555d23-b63a-4bb2-8717-f4e2aef6a53e > @chatroom/analytics > jest > @jest/core > jest-config > glob@7.2.3: Glob versions prior to v9 are no longer supported
warning workspace-aggregator-7f555d23-b63a-4bb2-8717-f4e2aef6a53e > @chatroom/analytics > jest > @jest/core > jest-runtime > glob@7.2.3: Glob versions prior to v9 are no longer supported
warning workspace-aggregator-7f555d23-b63a-4bb2-8717-f4e2aef6a53e > @chatroom/analytics > jest > @jest/core > @jest/reporters > glob@7.2.3: Glob versions prior to v9 are no longer supported
warning workspace-aggregator-7f555d23-b63a-4bb2-8717-f4e2aef6a53e > @chatroom/mobile > expo > @expo/cli > cacache > glob@7.2.3: Glob versions prior to v9 are no longer supported
warning workspace-aggregator-7f555d23-b63a-4bb2-8717-f4e2aef6a53e > @chatroom/mobile > react-native > @react-native-community/cli > @react-native-community/cli-config > glob@7.2.3: Glob versions prior to v9 are no longer supported
warning workspace-aggregator-7f555d23-b63a-4bb2-8717-f4e2aef6a53e > @chatroom/mobile > @types/react-native > react-native > glob > inflight@1.0.6: This module is not supported, and leaks memory. Do not use it. Check out lru-cache if you want a good and tested way to coalesce async requests by a key value, which is much more comprehensive and powerful.
warning workspace-aggregator-7f555d23-b63a-4bb2-8717-f4e2aef6a53e > @chatroom/mobile > expo > @expo/config > glob > inflight@1.0.6: This module is not supported, and leaks memory. Do not use it. Check out lru-cache if you want a good and tested way to coalesce async requests by a key value, which is much more comprehensive and powerful.
warning workspace-aggregator-7f555d23-b63a-4bb2-8717-f4e2aef6a53e > @chatroom/mobile > expo > @expo/cli > cacache > rimraf@3.0.2: Rimraf versions prior to v4 are no longer supported
warning workspace-aggregator-7f555d23-b63a-4bb2-8717-f4e2aef6a53e > @chatroom/mobile > expo > @expo/cli > tempy > del > rimraf@3.0.2: Rimraf versions prior to v4 are no longer supported
warning workspace-aggregator-7f555d23-b63a-4bb2-8717-f4e2aef6a53e > @chatroom/mobile > expo > @expo/cli > cacache > rimraf > glob@7.2.3: Glob versions prior to v9 are no longer supported
warning workspace-aggregator-7f555d23-b63a-4bb2-8717-f4e2aef6a53e > @chatroom/mobile > expo > @expo/cli > cacache > @npmcli/move-file@1.1.2: This functionality has been moved to @npmcli/fs
warning workspace-aggregator-7f555d23-b63a-4bb2-8717-f4e2aef6a53e > @chatroom/mobile > expo > @expo/cli > cacache > @npmcli/move-file > rimraf@3.0.2: Rimraf versions prior to v4 are no longer supported
warning workspace-aggregator-7f555d23-b63a-4bb2-8717-f4e2aef6a53e > @chatroom/mobile > expo > @expo/cli > @expo/plist > @xmldom/xmldom@0.7.13: this version is no longer supported, please update to at least 0.8.*
warning workspace-aggregator-7f555d23-b63a-4bb2-8717-f4e2aef6a53e > @chatroom/mobile > expo > @expo/cli > npm-package-arg > osenv@0.1.5: This package is no longer supported.
warning workspace-aggregator-7f555d23-b63a-4bb2-8717-f4e2aef6a53e > @chatroom/mobile > expo > @expo/cli > @react-native/dev-middleware > chromium-edge-launcher > rimraf@3.0.2: Rimraf versions prior to v4 are no longer supported
warning workspace-aggregator-7f555d23-b63a-4bb2-8717-f4e2aef6a53e > @chatroom/mobile > @types/react-native > react-native > @react-native/community-cli-plugin > @react-native/dev-middleware > chromium-edge-launcher > rimraf@3.0.2: Rimraf versions prior to v4 are no longer supported
warning workspace-aggregator-7f555d23-b63a-4bb2-8717-f4e2aef6a53e > @chatroom/mobile > expo > babel-preset-expo > @react-native/babel-preset > @babel/plugin-proposal-numeric-separator@7.18.6: This proposal has been merged to the ECMAScript standard and thus this plugin is no longer maintained. Please use @babel/plugin-transform-numeric-separator instead.
warning workspace-aggregator-7f555d23-b63a-4bb2-8717-f4e2aef6a53e > @chatroom/mobile > expo > babel-preset-expo > @react-native/babel-preset > @babel/plugin-proposal-class-properties@7.18.6: This proposal has been merged to the ECMAScript standard and thus this plugin is no longer maintained. Please use @babel/plugin-transform-class-properties instead.
warning workspace-aggregator-7f555d23-b63a-4bb2-8717-f4e2aef6a53e > @chatroom/mobile > expo > @expo/metro-config > babel-preset-fbjs > @babel/plugin-proposal-class-properties@7.18.6: This proposal has been merged to the ECMAScript standard and thus this plugin is no longer maintained. Please use @babel/plugin-transform-class-properties instead.
warning workspace-aggregator-7f555d23-b63a-4bb2-8717-f4e2aef6a53e > @chatroom/mobile > react-native > @react-native/codegen > jscodeshift > @babel/plugin-proposal-class-properties@7.18.6: This proposal has been merged to the ECMAScript standard and thus this plugin is no longer maintained. Please use @babel/plugin-transform-class-properties instead.
warning workspace-aggregator-7f555d23-b63a-4bb2-8717-f4e2aef6a53e > @chatroom/mobile > expo > babel-preset-expo > @react-native/babel-preset > @babel/plugin-proposal-optional-chaining@7.21.0: This proposal has been merged to the ECMAScript standard and thus this plugin is no longer maintained. Please use @babel/plugin-transform-optional-chaining instead.
warning workspace-aggregator-7f555d23-b63a-4bb2-8717-f4e2aef6a53e > @chatroom/mobile > react-native > @react-native/codegen > jscodeshift > @babel/plugin-proposal-optional-chaining@7.21.0: This proposal has been merged to the ECMAScript standard and thus this plugin is no longer maintained. Please use @babel/plugin-transform-optional-chaining instead.
warning workspace-aggregator-7f555d23-b63a-4bb2-8717-f4e2aef6a53e > @chatroom/mobile > expo > babel-preset-expo > @react-native/babel-preset > @babel/plugin-proposal-object-rest-spread@7.20.7: This proposal has been merged to the ECMAScript standard and thus this plugin is no longer maintained. Please use @babel/plugin-transform-object-rest-spread instead.
warning workspace-aggregator-7f555d23-b63a-4bb2-8717-f4e2aef6a53e > @chatroom/mobile > expo > @expo/metro-config > babel-preset-fbjs > @babel/plugin-proposal-object-rest-spread@7.20.7: This proposal has been merged to the ECMAScript standard and thus this plugin is no longer maintained. Please use @babel/plugin-transform-object-rest-spread instead.
warning workspace-aggregator-7f555d23-b63a-4bb2-8717-f4e2aef6a53e > @chatroom/mobile > expo > babel-preset-expo > @react-native/babel-preset > @babel/plugin-proposal-nullish-coalescing-operator@7.18.6: This proposal has been merged to the ECMAScript standard and thus this plugin is no longer maintained. Please use @babel/plugin-transform-nullish-coalescing-operator instead.
warning workspace-aggregator-7f555d23-b63a-4bb2-8717-f4e2aef6a53e > @chatroom/mobile > react-native > @react-native/codegen > jscodeshift > @babel/plugin-proposal-nullish-coalescing-operator@7.18.6: This proposal has been merged to the ECMAScript standard and thus this plugin is no longer maintained. Please use @babel/plugin-transform-nullish-coalescing-operator instead.
warning workspace-aggregator-7f555d23-b63a-4bb2-8717-f4e2aef6a53e > @chatroom/mobile > expo > babel-preset-expo > @react-native/babel-preset > @babel/plugin-proposal-async-generator-functions@7.20.7: This proposal has been merged to the ECMAScript standard and thus this plugin is no longer maintained. Please use @babel/plugin-transform-async-generator-functions instead.
warning workspace-aggregator-7f555d23-b63a-4bb2-8717-f4e2aef6a53e > @chatroom/mobile > expo > babel-preset-expo > @react-native/babel-preset > @babel/plugin-proposal-optional-catch-binding@7.18.6: This proposal has been merged to the ECMAScript standard and thus this plugin is no longer maintained. Please use @babel/plugin-transform-optional-catch-binding instead.
warning workspace-aggregator-7f555d23-b63a-4bb2-8717-f4e2aef6a53e > @chatroom/mobile > react-native > @react-native-community/cli > @react-native-community/cli-tools > sudo-prompt@9.2.1: Package no longer supported. Contact Support at https://www.npmjs.com/support for more info.
warning workspace-aggregator-7f555d23-b63a-4bb2-8717-f4e2aef6a53e > @chatroom/mobile > react-native > @react-native/codegen > jscodeshift > temp > rimraf@2.6.3: Rimraf versions prior to v4 are no longer supported
warning workspace-aggregator-7f555d23-b63a-4bb2-8717-f4e2aef6a53e > @chatroom/mobile > react-native > @react-native/codegen > jscodeshift > temp > rimraf > glob@7.2.3: Glob versions prior to v9 are no longer supported
warning workspace-aggregator-7f555d23-b63a-4bb2-8717-f4e2aef6a53e > @chatroom/mobile > @types/react-native > react-native > babel-jest > babel-plugin-istanbul > test-exclude > glob@7.2.3: Glob versions prior to v9 are no longer supported
[2/4] Fetching packages...
[3/4] Linking dependencies...
warning "workspace-aggregator-7f555d23-b63a-4bb2-8717-f4e2aef6a53e > @chatroom/mobile > react-native-dotenv@3.4.11" has unmet peer dependency "@babel/runtime@^7.20.6".
warning "workspace-aggregator-7f555d23-b63a-4bb2-8717-f4e2aef6a53e > @chatroom/mobile > lucide-react-native@0.294.0" has unmet peer dependency "prop-types@^15.7.2".
warning "workspace-aggregator-7f555d23-b63a-4bb2-8717-f4e2aef6a53e > @chatroom/mobile > lucide-react-native@0.294.0" has unmet peer dependency "react-native-svg@^12.0.0 || ^13.0.0".
warning "workspace-aggregator-7f555d23-b63a-4bb2-8717-f4e2aef6a53e > @chatroom/mobile > react-native@0.73.11" has incorrect peer dependency "react@18.2.0".
warning "workspace-aggregator-7f555d23-b63a-4bb2-8717-f4e2aef6a53e > @chatroom/mobile > @types/react-native > react-native@0.83.1" has incorrect peer dependency "react@^19.2.0".
warning "workspace-aggregator-7f555d23-b63a-4bb2-8717-f4e2aef6a53e > @chatroom/mobile > expo > @expo/metro-config@0.17.8" has unmet peer dependency "@react-native/babel-preset@*".
warning "workspace-aggregator-7f555d23-b63a-4bb2-8717-f4e2aef6a53e > @chatroom/mobile > react-native > @react-native/codegen@0.73.3" has unmet peer dependency "@babel/preset-env@^7.1.6".
warning "workspace-aggregator-7f555d23-b63a-4bb2-8717-f4e2aef6a53e > @chatroom/mobile > react-native > @react-native/codegen > jscodeshift@0.14.0" has unmet peer dependency "@babel/preset-env@^7.1.6".
Failed to install required TypeScript dependencies, please install them manually to continue:
yarn add --exact --cwd /workspaces/The-Chatroom/packages/web --dev typescript @types/react

{
  command: 'yarn add --exact --cwd /workspaces/The-Chatroom/packages/web --dev typescript @types/react'
}
[?25h
